<?xml version="1.0" encoding="UTF-8"?>
<testsuite xmlns:xsi="http://www.w3.org/2001/XMLSchema-instance" xsi:noNamespaceSchemaLocation="https://maven.apache.org/surefire/maven-surefire-plugin/xsd/surefire-test-report.xsd" version="3.0.2" name="com.capo.redisVersion2.service.DijkstraAlgorithmRedisImplTest" time="0.02" tests="1" errors="0" skipped="0" failures="0">
  <properties>
[...]
</properties>
  <testcase name="dijkstraCostFromPointOfSale1To3_test" classname="com.capo.redisVersion2.service.DijkstraAlgorithmRedisImplTest" time="0.009">
    <system-out><![CDATA[10:44:39.278 [main] INFO org.springframework.test.context.support.AnnotationConfigContextLoaderUtils -- Could not detect default configuration classes for test class [com.capo.redisVersion2.service.DijkstraAlgorithmRedisImplTest]: DijkstraAlgorithmRedisImplTest does not declare any static, non-private, non-final, nested classes annotated with @Configuration.
]]></system-out>
  </testcase>
</testsuite>